<?xml version="1.0" encoding="UTF-8"?>
<testsuite name="Utest Sign Up" tests="1" skipped="0" failures="0" errors="0" timestamp="2021-11-06T14:36:40" hostname="DESKTOP-8GCCJQD" time="12.044">
  <properties/>
  <testcase name="complete and submit the form" classname="Utest Sign Up" time="12.044"/>
  <system-out><![CDATA[]]></system-out>
  <system-err><![CDATA[[Test worker] WARN net.thucydides.core.steps.BaseStepListener - stepStarted: net.thucydides.core.steps.ExecutedStepDescription@60400a55
[Test worker] WARN net.thucydides.core.steps.BaseStepListener - stepStarted: net.thucydides.core.steps.ExecutedStepDescription@1a8d7cb2
[Test worker] WARN net.thucydides.core.steps.BaseStepListener - stepStarted: net.thucydides.core.steps.ExecutedStepDescription@3f5254da
nov 06, 2021 9:36:41 AM org.openqa.selenium.remote.DesiredCapabilities chrome
INFORMACIÓN: Using `new ChromeOptions()` is preferred to `DesiredCapabilities.chrome()`
[Test worker] INFO net.serenitybdd.core.webdriver.driverproviders.ProvideNewDriver - Instantiating driver
[Test worker] INFO net.serenitybdd.core.webdriver.driverproviders.ProvideNewDriver - Driver capabilities: Capabilities {acceptInsecureCerts: false, browserName: chrome, chrome.switches: --start-maximized, goog:chromeOptions: {args: [--start-maximized], extensions: []}, loggingPrefs: org.openqa.selenium.logging..., platform: ANY, version: }
Starting ChromeDriver 95.0.4638.54 (d31a821ec901f68d0d34ccdbaea45b4c86ce543e-refs/branch-heads/4638@{#871}) on port 14941
Only local connections are allowed.
Please see https://chromedriver.chromium.org/security-considerations for suggestions on keeping ChromeDriver safe.
ChromeDriver was started successfully.
nov 06, 2021 9:36:45 AM org.openqa.selenium.remote.ProtocolHandshake createSession
INFORMACIÓN: Detected dialect: W3C
[Test worker] WARN net.thucydides.core.steps.BaseStepListener - stepFinished: current outcome:complete and submit the form:Given that marcus wants to sign up in the utest page [Marcus open up [marcus opens the Utest page]]
[Test worker] WARN net.thucydides.core.steps.BaseStepListener - stepFinished: current outcome:complete and submit the form:Given that marcus wants to sign up in the utest page [Marcus open up [marcus opens the Utest page]]
[Test worker] WARN net.thucydides.core.steps.BaseStepListener - stepFinished: current outcome:complete and submit the form:Given that marcus wants to sign up in the utest page [Marcus open up [marcus opens the Utest page]]
[Test worker] WARN net.thucydides.core.steps.BaseStepListener - stepStarted: net.thucydides.core.steps.ExecutedStepDescription@5a7511b5
[Test worker] WARN net.thucydides.core.steps.BaseStepListener - stepFinished: current outcome:complete and submit the form:Given that marcus wants to sign up in the utest page [Marcus open up [marcus opens the Utest page]], When he submit the full form
[Test worker] WARN net.thucydides.core.steps.BaseStepListener - stepStarted: net.thucydides.core.steps.ExecutedStepDescription@3c44ea46
[Test worker] WARN net.thucydides.core.steps.BaseStepListener - stepFinished: current outcome:complete and submit the form:Given that marcus wants to sign up in the utest page [Marcus open up [marcus opens the Utest page]], When he submit the full form, Then he is ready to verify their email
[Test worker] WARN net.thucydides.core.steps.BaseStepListener - testFinished: complete and submit the form:Given that marcus wants to sign up in the utest page [Marcus open up [marcus opens the Utest page]], When he submit the full form, Then he is ready to verify their email
[Test worker] WARN net.thucydides.core.steps.BaseStepListener - TestOutcomes: [complete and submit the form:Given that marcus wants to sign up in the utest page [Marcus open up [marcus opens the Utest page]], When he submit the full form, Then he is ready to verify their email]
[Test worker] WARN net.thucydides.core.steps.BaseStepListener - Final testOutcomes: [complete and submit the form:Given that marcus wants to sign up in the utest page [Marcus open up [marcus opens the Utest page]], When he submit the full form, Then he is ready to verify their email]
[Test worker] INFO net.thucydides.core.steps.ConsoleLoggingListener - 
        __    _____ _____ ____ _____   ____   _    ____  ____  _____ ____  
  _     \ \  |_   _| ____/ ___|_   _| |  _ \ / \  / ___|/ ___|| ____|  _ \ 
 (_)_____| |   | | |  _| \___ \ | |   | |_) / _ \ \___ \\___ \|  _| | | | |
  _|_____| |   | | | |___ ___) || |   |  __/ ___ \ ___) |___) | |___| |_| |
 (_)     | |   |_| |_____|____/ |_|   |_| /_/   \_\____/|____/|_____|____/ 
        /_/                                                                

TEST PASSED: complete and submit the form
----------------------------------------------------------------------------
]]></system-err>
</testsuite>
