<?xml version="1.0" encoding="UTF-8"?>
<testsuite name="Utest Sign Up" tests="1" skipped="0" failures="0" errors="0" timestamp="2021-11-07T01:55:02" hostname="DESKTOP-8GCCJQD" time="34.085">
  <properties/>
  <testcase name="complete and submit the form" classname="Utest Sign Up" time="34.085"/>
  <system-out><![CDATA[]]></system-out>
  <system-err><![CDATA[[Test worker] WARN net.thucydides.core.steps.BaseStepListener - stepStarted: net.thucydides.core.steps.ExecutedStepDescription@59f8a82d
[Test worker] WARN net.thucydides.core.steps.BaseStepListener - stepStarted: net.thucydides.core.steps.ExecutedStepDescription@7b672561
[Test worker] WARN net.thucydides.core.steps.BaseStepListener - stepStarted: net.thucydides.core.steps.ExecutedStepDescription@12221c92
nov 06, 2021 8:55:03 PM org.openqa.selenium.remote.DesiredCapabilities chrome
INFORMACIÓN: Using `new ChromeOptions()` is preferred to `DesiredCapabilities.chrome()`
[Test worker] INFO net.serenitybdd.core.webdriver.driverproviders.ProvideNewDriver - Instantiating driver
[Test worker] INFO net.serenitybdd.core.webdriver.driverproviders.ProvideNewDriver - Driver capabilities: Capabilities {acceptInsecureCerts: false, browserName: chrome, chrome.switches: --start-maximized, goog:chromeOptions: {args: [--start-maximized], extensions: []}, loggingPrefs: org.openqa.selenium.logging..., platform: ANY, version: }
Starting ChromeDriver 95.0.4638.54 (d31a821ec901f68d0d34ccdbaea45b4c86ce543e-refs/branch-heads/4638@{#871}) on port 31814
Only local connections are allowed.
Please see https://chromedriver.chromium.org/security-considerations for suggestions on keeping ChromeDriver safe.
ChromeDriver was started successfully.
nov 06, 2021 8:55:06 PM org.openqa.selenium.remote.ProtocolHandshake createSession
INFORMACIÓN: Detected dialect: W3C
[Test worker] WARN net.thucydides.core.steps.BaseStepListener - stepFinished: current outcome:complete and submit the form:Given that marcus wants to sign up in the utest page [Marcus open up [marcus opens the Utest home page]]
[Test worker] WARN net.thucydides.core.steps.BaseStepListener - stepStarted: net.thucydides.core.steps.ExecutedStepDescription@38d9e417
[Test worker] WARN net.thucydides.core.steps.BaseStepListener - stepFinished: current outcome:complete and submit the form:Given that marcus wants to sign up in the utest page [Marcus open up [marcus opens the Utest home page, marcus clicks on button to join in]]
[Test worker] WARN net.thucydides.core.steps.BaseStepListener - stepFinished: current outcome:complete and submit the form:Given that marcus wants to sign up in the utest page [Marcus open up [marcus opens the Utest home page, marcus clicks on button to join in]]
[Test worker] WARN net.thucydides.core.steps.BaseStepListener - stepFinished: current outcome:complete and submit the form:Given that marcus wants to sign up in the utest page [Marcus open up [marcus opens the Utest home page, marcus clicks on button to join in]]
[Test worker] WARN net.thucydides.core.steps.BaseStepListener - stepStarted: net.thucydides.core.steps.ExecutedStepDescription@50b6d7
[Test worker] WARN net.thucydides.core.steps.BaseStepListener - stepStarted: net.thucydides.core.steps.ExecutedStepDescription@7972e7f4
[Test worker] WARN net.thucydides.core.steps.BaseStepListener - stepStarted: net.thucydides.core.steps.ExecutedStepDescription@6a33dc9e
[Test worker] WARN net.thucydides.core.steps.BaseStepListener - stepFinished: current outcome:complete and submit the form:Given that marcus wants to sign up in the utest page [Marcus open up [marcus opens the Utest home page, marcus clicks on button to join in]], When he submit the full form [Marcus sign up [marcus enters 'marcus' into marcus firstname ]]
[Test worker] WARN net.thucydides.core.steps.BaseStepListener - stepStarted: net.thucydides.core.steps.ExecutedStepDescription@39afd1da
[Test worker] WARN net.thucydides.core.steps.BaseStepListener - stepFinished: current outcome:complete and submit the form:Given that marcus wants to sign up in the utest page [Marcus open up [marcus opens the Utest home page, marcus clicks on button to join in]], When he submit the full form [Marcus sign up [marcus enters 'marcus' into marcus firstname , marcus enters 'fletcher' into marcus lastname]]
[Test worker] WARN net.thucydides.core.steps.BaseStepListener - stepStarted: net.thucydides.core.steps.ExecutedStepDescription@6cb792ea
[Test worker] WARN net.thucydides.core.steps.BaseStepListener - stepFinished: current outcome:complete and submit the form:Given that marcus wants to sign up in the utest page [Marcus open up [marcus opens the Utest home page, marcus clicks on button to join in]], When he submit the full form [Marcus sign up [marcus enters 'marcus' into marcus firstname , marcus enters 'fletcher' into marcus lastname, marcus enters 'marcusfletch@mail.co' into marcus email ]]
[Test worker] WARN net.thucydides.core.steps.BaseStepListener - stepStarted: net.thucydides.core.steps.ExecutedStepDescription@58c31d5f
[Test worker] WARN net.thucydides.core.steps.BaseStepListener - stepFinished: current outcome:complete and submit the form:Given that marcus wants to sign up in the utest page [Marcus open up [marcus opens the Utest home page, marcus clicks on button to join in]], When he submit the full form [Marcus sign up [marcus enters 'marcus' into marcus firstname , marcus enters 'fletcher' into marcus lastname, marcus enters 'marcusfletch@mail.co' into marcus email , marcus select 1998 on birth year of marcus]]
[Test worker] WARN net.thucydides.core.steps.BaseStepListener - stepStarted: net.thucydides.core.steps.ExecutedStepDescription@3c738acf
[Test worker] WARN net.thucydides.core.steps.BaseStepListener - stepFinished: current outcome:complete and submit the form:Given that marcus wants to sign up in the utest page [Marcus open up [marcus opens the Utest home page, marcus clicks on button to join in]], When he submit the full form [Marcus sign up [marcus enters 'marcus' into marcus firstname , marcus enters 'fletcher' into marcus lastname, marcus enters 'marcusfletch@mail.co' into marcus email , marcus select 1998 on birth year of marcus, marcus select June on birth month of marcus]]
[Test worker] WARN net.thucydides.core.steps.BaseStepListener - stepStarted: net.thucydides.core.steps.ExecutedStepDescription@2379ddc2
[Test worker] WARN net.thucydides.core.steps.BaseStepListener - stepFinished: current outcome:complete and submit the form:Given that marcus wants to sign up in the utest page [Marcus open up [marcus opens the Utest home page, marcus clicks on button to join in]], When he submit the full form [Marcus sign up [marcus enters 'marcus' into marcus firstname , marcus enters 'fletcher' into marcus lastname, marcus enters 'marcusfletch@mail.co' into marcus email , marcus select 1998 on birth year of marcus, marcus select June on birth month of marcus, marcus select 21 on birth day of marcus]]
[Test worker] WARN net.thucydides.core.steps.BaseStepListener - stepStarted: net.thucydides.core.steps.ExecutedStepDescription@1509d778
[Test worker] WARN net.thucydides.core.steps.BaseStepListener - stepFinished: current outcome:complete and submit the form:Given that marcus wants to sign up in the utest page [Marcus open up [marcus opens the Utest home page, marcus clicks on button to join in]], When he submit the full form [Marcus sign up [marcus enters 'marcus' into marcus firstname , marcus enters 'fletcher' into marcus lastname, marcus enters 'marcusfletch@mail.co' into marcus email , marcus select 1998 on birth year of marcus, marcus select June on birth month of marcus, marcus select 21 on birth day of marcus, marcus clicks on button that moves to location page ]]
[Test worker] WARN net.thucydides.core.steps.BaseStepListener - stepFinished: current outcome:complete and submit the form:Given that marcus wants to sign up in the utest page [Marcus open up [marcus opens the Utest home page, marcus clicks on button to join in]], When he submit the full form [Marcus sign up [marcus enters 'marcus' into marcus firstname , marcus enters 'fletcher' into marcus lastname, marcus enters 'marcusfletch@mail.co' into marcus email , marcus select 1998 on birth year of marcus, marcus select June on birth month of marcus, marcus select 21 on birth day of marcus, marcus clicks on button that moves to location page ]]
[Test worker] WARN net.thucydides.core.steps.BaseStepListener - stepFinished: current outcome:complete and submit the form:Given that marcus wants to sign up in the utest page [Marcus open up [marcus opens the Utest home page, marcus clicks on button to join in]], When he submit the full form [Marcus sign up [marcus enters 'marcus' into marcus firstname , marcus enters 'fletcher' into marcus lastname, marcus enters 'marcusfletch@mail.co' into marcus email , marcus select 1998 on birth year of marcus, marcus select June on birth month of marcus, marcus select 21 on birth day of marcus, marcus clicks on button that moves to location page ]]
[Test worker] WARN net.thucydides.core.steps.BaseStepListener - stepStarted: net.thucydides.core.steps.ExecutedStepDescription@431a6c4
[Test worker] WARN net.thucydides.core.steps.BaseStepListener - stepFinished: current outcome:complete and submit the form:Given that marcus wants to sign up in the utest page [Marcus open up [marcus opens the Utest home page, marcus clicks on button to join in]], When he submit the full form [Marcus sign up [marcus enters 'marcus' into marcus firstname , marcus enters 'fletcher' into marcus lastname, marcus enters 'marcusfletch@mail.co' into marcus email , marcus select 1998 on birth year of marcus, marcus select June on birth month of marcus, marcus select 21 on birth day of marcus, marcus clicks on button that moves to location page ]], Then he is ready to verify their email
[Test worker] WARN net.thucydides.core.steps.BaseStepListener - testFinished: complete and submit the form:Given that marcus wants to sign up in the utest page [Marcus open up [marcus opens the Utest home page, marcus clicks on button to join in]], When he submit the full form [Marcus sign up [marcus enters 'marcus' into marcus firstname , marcus enters 'fletcher' into marcus lastname, marcus enters 'marcusfletch@mail.co' into marcus email , marcus select 1998 on birth year of marcus, marcus select June on birth month of marcus, marcus select 21 on birth day of marcus, marcus clicks on button that moves to location page ]], Then he is ready to verify their email
[Test worker] WARN net.thucydides.core.steps.BaseStepListener - TestOutcomes: [complete and submit the form:Given that marcus wants to sign up in the utest page [Marcus open up [marcus opens the Utest home page, marcus clicks on button to join in]], When he submit the full form [Marcus sign up [marcus enters 'marcus' into marcus firstname , marcus enters 'fletcher' into marcus lastname, marcus enters 'marcusfletch@mail.co' into marcus email , marcus select 1998 on birth year of marcus, marcus select June on birth month of marcus, marcus select 21 on birth day of marcus, marcus clicks on button that moves to location page ]], Then he is ready to verify their email]
[Test worker] WARN net.thucydides.core.steps.BaseStepListener - Final testOutcomes: [complete and submit the form:Given that marcus wants to sign up in the utest page [Marcus open up [marcus opens the Utest home page, marcus clicks on button to join in]], When he submit the full form [Marcus sign up [marcus enters 'marcus' into marcus firstname , marcus enters 'fletcher' into marcus lastname, marcus enters 'marcusfletch@mail.co' into marcus email , marcus select 1998 on birth year of marcus, marcus select June on birth month of marcus, marcus select 21 on birth day of marcus, marcus clicks on button that moves to location page ]], Then he is ready to verify their email]
[Test worker] INFO net.thucydides.core.steps.ConsoleLoggingListener - 
        __    _____ _____ ____ _____   ____   _    ____  ____  _____ ____  
  _     \ \  |_   _| ____/ ___|_   _| |  _ \ / \  / ___|/ ___|| ____|  _ \ 
 (_)_____| |   | | |  _| \___ \ | |   | |_) / _ \ \___ \\___ \|  _| | | | |
  _|_____| |   | | | |___ ___) || |   |  __/ ___ \ ___) |___) | |___| |_| |
 (_)     | |   |_| |_____|____/ |_|   |_| /_/   \_\____/|____/|_____|____/ 
        /_/                                                                

TEST PASSED: complete and submit the form
----------------------------------------------------------------------------
]]></system-err>
</testsuite>
